[2021-04-11T19:30:26.679+0900][0.009s] Using Concurrent Mark Sweep
[2021-04-11T19:30:26.679+0900][0.009s] Heap address: 0x00000000e0000000, size: 512 MB, Compressed Oops mode: 32-bit
[2021-04-11T19:30:27.720+0900][1.050s] GC(0) Pause Young (Allocation Failure)
[2021-04-11T19:30:27.721+0900][1.051s] GC(0) Using 4 workers of 4 for evacuation
[2021-04-11T19:30:27.731+0900][1.061s] GC(0) ParNew: 87424K->10295K(109248K)
[2021-04-11T19:30:27.731+0900][1.061s] GC(0) CMS: 0K->0K(393216K)
[2021-04-11T19:30:27.731+0900][1.061s] GC(0) Metaspace: 14665K->14665K(1062912K)
[2021-04-11T19:30:27.731+0900][1.061s] GC(0) Pause Young (Allocation Failure) 85M->10M(490M) 11.566ms
[2021-04-11T19:30:27.731+0900][1.062s] GC(0) User=0.00s Sys=0.00s Real=0.01s
[2021-04-11T19:30:28.489+0900][1.819s] GC(1) Pause Young (Allocation Failure)
[2021-04-11T19:30:28.489+0900][1.819s] GC(1) Using 4 workers of 4 for evacuation
[2021-04-11T19:30:28.498+0900][1.828s] GC(1) ParNew: 97719K->15630K(109248K)
[2021-04-11T19:30:28.498+0900][1.828s] GC(1) CMS: 0K->0K(393216K)
[2021-04-11T19:30:28.498+0900][1.828s] GC(1) Metaspace: 23969K->23969K(1071104K)
[2021-04-11T19:30:28.498+0900][1.828s] GC(1) Pause Young (Allocation Failure) 95M->15M(490M) 9.589ms
[2021-04-11T19:30:28.498+0900][1.828s] GC(1) User=0.00s Sys=0.00s Real=0.01s
[2021-04-11T19:30:28.498+0900][1.828s] GC(2) Pause Initial Mark
[2021-04-11T19:30:28.500+0900][1.830s] GC(2) Pause Initial Mark 16M->16M(490M) 1.367ms
[2021-04-11T19:30:28.500+0900][1.830s] GC(2) User=0.07s Sys=0.00s Real=0.00s
[2021-04-11T19:30:28.500+0900][1.830s] GC(2) Concurrent Mark
[2021-04-11T19:30:28.501+0900][1.831s] GC(2) Using 4 workers of 4 for marking
[2021-04-11T19:30:28.501+0900][1.831s] GC(2) Concurrent Mark 1.079ms
[2021-04-11T19:30:28.501+0900][1.831s] GC(2) User=0.00s Sys=0.00s Real=0.00s
[2021-04-11T19:30:28.501+0900][1.831s] GC(2) Concurrent Preclean
[2021-04-11T19:30:28.502+0900][1.832s] GC(2) Concurrent Preclean 0.836ms
[2021-04-11T19:30:28.502+0900][1.832s] GC(2) User=0.00s Sys=0.00s Real=0.01s
[2021-04-11T19:30:28.502+0900][1.832s] GC(2) Pause Remark
[2021-04-11T19:30:28.502+0900][1.832s] GC(3) Pause Young (CMS Final Remark)
[2021-04-11T19:30:28.502+0900][1.832s] GC(3) Using 4 workers of 4 for evacuation
[2021-04-11T19:30:28.507+0900][1.837s] GC(3) ParNew: 17229K->17012K(109248K)
[2021-04-11T19:30:28.507+0900][1.837s] GC(3) CMS: 0K->0K(393216K)
[2021-04-11T19:30:28.507+0900][1.837s] GC(3) Metaspace: 23991K->23991K(1071104K)
[2021-04-11T19:30:28.507+0900][1.837s] GC(3) Pause Young (CMS Final Remark) 16M->16M(490M) 5.025ms
[2021-04-11T19:30:28.507+0900][1.837s] GC(3) User=0.00s Sys=0.00s Real=0.00s
[2021-04-11T19:30:28.512+0900][1.842s] GC(2) Pause Remark 16M->16M(490M) 9.329ms
[2021-04-11T19:30:28.512+0900][1.842s] GC(2) User=0.00s Sys=0.00s Real=0.00s
[2021-04-11T19:30:28.512+0900][1.842s] GC(2) Concurrent Sweep
[2021-04-11T19:30:28.512+0900][1.842s] GC(2) Concurrent Sweep 0.189ms
[2021-04-11T19:30:28.512+0900][1.842s] GC(2) User=0.00s Sys=0.00s Real=0.00s
[2021-04-11T19:30:28.512+0900][1.842s] GC(2) Concurrent Reset
[2021-04-11T19:30:28.517+0900][1.847s] GC(2) Concurrent Reset 5.034ms
[2021-04-11T19:30:28.517+0900][1.847s] GC(2) User=0.01s Sys=0.01s Real=0.00s
[2021-04-11T19:30:28.517+0900][1.847s] GC(2) Old: 0K->0K(393216K)
